<?xml version="1.0" encoding="UTF-8"?>
<!-- Generated by org.testng.reporters.JUnitReportReporter -->
<testsuite hostname="DESKTOP-BE8HQJ2" failures="0" tests="1" name="com.herokuapp.theinternet.PositiveTests" time="32.949" errors="0" timestamp="2023-07-18T10:23:01 IST" skipped="0">
  <testcase classname="com.herokuapp.theinternet.PositiveTests" name="loginTest" time="32.949"/>
  <system-out/>
</testsuite> <!-- com.herokuapp.theinternet.PositiveTests -->
