<?xml version="1.0" encoding="UTF-8"?>
<!-- Generated by org.testng.reporters.JUnitReportReporter -->
<testsuite hostname="DESKTOP-BE8HQJ2" failures="0" tests="1" name="SampleTest.Sample" time="30.529" errors="0" timestamp="2023-07-27T18:04:57 IST" skipped="0">
  <testcase classname="SampleTest.Sample" name="SampleLogin" time="30.529"/>
  <system-out/>
</testsuite> <!-- SampleTest.Sample -->
