<?xml version="1.0" encoding="UTF-8"?>
<!-- Generated by org.testng.reporters.JUnitReportReporter -->
<testsuite hostname="DESKTOP-BE8HQJ2" failures="0" tests="1" name="DemoWebApp.Login1" time="82.330" errors="0" timestamp="2023-07-28T09:42:05 IST" skipped="0">
  <testcase classname="DemoWebApp.Login1" name="loginTest" time="82.330"/>
  <system-out/>
</testsuite> <!-- DemoWebApp.Login1 -->
