<?xml version="1.0" encoding="UTF-8"?>
<!-- Generated by org.testng.reporters.JUnitReportReporter -->
<testsuite hostname="DESKTOP-BE8HQJ2" failures="0" tests="1" name="SampleTest.DemoWorkshop" time="96.109" errors="0" timestamp="2023-07-31T09:34:00 IST" skipped="0">
  <testcase classname="SampleTest.DemoWorkshop" name="MainProcess" time="96.109"/>
  <system-out/>
</testsuite> <!-- SampleTest.DemoWorkshop -->
