<?xml version="1.0" encoding="UTF-8"?>
<!-- Generated by org.testng.reporters.JUnitReportReporter -->
<testsuite hostname="DESKTOP-BE8HQJ2" failures="0" tests="1" name="SampleTest.Sam" time="30.157" errors="0" timestamp="2023-07-27T18:33:15 IST" skipped="0">
  <testcase classname="SampleTest.Sam" name="SampleLogin" time="30.157"/>
  <system-out/>
</testsuite> <!-- SampleTest.Sam -->
