<?xml version="1.0" encoding="UTF-8"?>
<!-- Generated by org.testng.reporters.JUnitReportReporter -->
<testsuite hostname="DESKTOP-BE8HQJ2" failures="0" tests="1" name="demoWebShop.DemoWorkshop" time="92.074" errors="0" timestamp="2023-08-04T10:52:07 IST" skipped="0">
  <testcase classname="demoWebShop.DemoWorkshop" name="MainProcess" time="92.074"/>
  <system-out/>
</testsuite> <!-- demoWebShop.DemoWorkshop -->
